This is pdfTeX, Version 3.141592653-2.6-1.40.25 (TeX Live 2023/Debian) (preloaded format=pdflatex 2024.7.5)  9 JUL 2024 20:06
entering extended mode
 restricted \write18 enabled.
 %&-line parsing enabled.
**SSDMv2-GaugeES.tex
(./SSDMv2-GaugeES.tex
LaTeX2e <2023-11-01> patch level 1
L3 programming layer <2024-01-22>
(/usr/share/texlive/texmf-dist/tex/latex/base/article.cls
Document Class: article 2023/05/17 v1.4n Standard LaTeX document class
(/usr/share/texlive/texmf-dist/tex/latex/base/size10.clo
File: size10.clo 2023/05/17 v1.4n Standard LaTeX file (size option)
)
\c@part=\count187
\c@section=\count188
\c@subsection=\count189
\c@subsubsection=\count190
\c@paragraph=\count191
\c@subparagraph=\count192
\c@figure=\count193
\c@table=\count194
\abovecaptionskip=\skip48
\belowcaptionskip=\skip49
\bibindent=\dimen140
)
(/usr/share/texlive/texmf-dist/tex/latex/amsmath/amsmath.sty
Package: amsmath 2023/05/13 v2.17o AMS math features
\@mathmargin=\skip50

For additional information on amsmath, use the `?' option.
(/usr/share/texlive/texmf-dist/tex/latex/amsmath/amstext.sty
Package: amstext 2021/08/26 v2.01 AMS text

(/usr/share/texlive/texmf-dist/tex/latex/amsmath/amsgen.sty
File: amsgen.sty 1999/11/30 v2.0 generic functions
\@emptytoks=\toks17
\ex@=\dimen141
))
(/usr/share/texlive/texmf-dist/tex/latex/amsmath/amsbsy.sty
Package: amsbsy 1999/11/29 v1.2d Bold Symbols
\pmbraise@=\dimen142
)
(/usr/share/texlive/texmf-dist/tex/latex/amsmath/amsopn.sty
Package: amsopn 2022/04/08 v2.04 operator names
)
\inf@bad=\count195
LaTeX Info: Redefining \frac on input line 234.
\uproot@=\count196
\leftroot@=\count197
LaTeX Info: Redefining \overline on input line 399.
LaTeX Info: Redefining \colon on input line 410.
\classnum@=\count198
\DOTSCASE@=\count199
LaTeX Info: Redefining \ldots on input line 496.
LaTeX Info: Redefining \dots on input line 499.
LaTeX Info: Redefining \cdots on input line 620.
\Mathstrutbox@=\box51
\strutbox@=\box52
LaTeX Info: Redefining \big on input line 722.
LaTeX Info: Redefining \Big on input line 723.
LaTeX Info: Redefining \bigg on input line 724.
LaTeX Info: Redefining \Bigg on input line 725.
\big@size=\dimen143
LaTeX Font Info:    Redeclaring font encoding OML on input line 743.
LaTeX Font Info:    Redeclaring font encoding OMS on input line 744.
\macc@depth=\count266
LaTeX Info: Redefining \bmod on input line 905.
LaTeX Info: Redefining \pmod on input line 910.
LaTeX Info: Redefining \smash on input line 940.
LaTeX Info: Redefining \relbar on input line 970.
LaTeX Info: Redefining \Relbar on input line 971.
\c@MaxMatrixCols=\count267
\dotsspace@=\muskip16
\c@parentequation=\count268
\dspbrk@lvl=\count269
\tag@help=\toks18
\row@=\count270
\column@=\count271
\maxfields@=\count272
\andhelp@=\toks19
\eqnshift@=\dimen144
\alignsep@=\dimen145
\tagshift@=\dimen146
\tagwidth@=\dimen147
\totwidth@=\dimen148
\lineht@=\dimen149
\@envbody=\toks20
\multlinegap=\skip51
\multlinetaggap=\skip52
\mathdisplay@stack=\toks21
LaTeX Info: Redefining \[ on input line 2953.
LaTeX Info: Redefining \] on input line 2954.
)
(/usr/share/texlive/texmf-dist/tex/latex/base/fontenc.sty
Package: fontenc 2021/04/29 v2.0v Standard LaTeX package
)
(/usr/share/texlive/texmf-dist/tex/latex/amsfonts/amssymb.sty
Package: amssymb 2013/01/14 v3.01 AMS font symbols

(/usr/share/texlive/texmf-dist/tex/latex/amsfonts/amsfonts.sty
Package: amsfonts 2013/01/14 v3.01 Basic AMSFonts support
\symAMSa=\mathgroup4
\symAMSb=\mathgroup5
LaTeX Font Info:    Redeclaring math symbol \hbar on input line 98.
LaTeX Font Info:    Overwriting math alphabet `\mathfrak' in version `bold'
(Font)                  U/euf/m/n --> U/euf/b/n on input line 106.
))
(/usr/share/texmf/tex/latex/feynmf/feynmp.sty
Package: feynmp 1996/12/02 v1.08 LaTeX/MetaPost Feynman Diagram Package (ohl)

(/usr/share/texlive/texmf-dist/tex/latex/graphics/graphics.sty
Package: graphics 2022/03/10 v1.4e Standard LaTeX Graphics (DPC,SPQR)

(/usr/share/texlive/texmf-dist/tex/latex/graphics/trig.sty
Package: trig 2021/08/11 v1.11 sin cos tan (DPC)
)
(/usr/share/texlive/texmf-dist/tex/latex/graphics-cfg/graphics.cfg
File: graphics.cfg 2016/06/04 v1.11 sample graphics configuration
)
Package graphics Info: Driver file: pdftex.def on input line 107.

(/usr/share/texlive/texmf-dist/tex/latex/graphics-def/pdftex.def
File: pdftex.def 2022/09/22 v1.2b Graphics/color driver for pdftex
))
\@outfmf=\write3
\fmfbuf@=\toks22
\c@fmfgraph=\count273
)
(/usr/share/texlive/texmf-dist/tex/latex/hyperref/hyperref.sty
Package: hyperref 2024-01-20 v7.01h Hypertext links for LaTeX

(/usr/share/texlive/texmf-dist/tex/generic/iftex/iftex.sty
Package: iftex 2022/02/03 v1.0f TeX engine tests
)
(/usr/share/texlive/texmf-dist/tex/latex/graphics/keyval.sty
Package: keyval 2022/05/29 v1.15 key=value parser (DPC)
\KV@toks@=\toks23
)
(/usr/share/texlive/texmf-dist/tex/latex/kvsetkeys/kvsetkeys.sty
Package: kvsetkeys 2022-10-05 v1.19 Key value parser (HO)
)
(/usr/share/texlive/texmf-dist/tex/generic/kvdefinekeys/kvdefinekeys.sty
Package: kvdefinekeys 2019-12-19 v1.6 Define keys (HO)
)
(/usr/share/texlive/texmf-dist/tex/generic/pdfescape/pdfescape.sty
Package: pdfescape 2019/12/09 v1.15 Implements pdfTeX's escape features (HO)

(/usr/share/texlive/texmf-dist/tex/generic/ltxcmds/ltxcmds.sty
Package: ltxcmds 2023-12-04 v1.26 LaTeX kernel commands for general use (HO)
)
(/usr/share/texlive/texmf-dist/tex/generic/pdftexcmds/pdftexcmds.sty
Package: pdftexcmds 2020-06-27 v0.33 Utility functions of pdfTeX for LuaTeX (HO
)

(/usr/share/texlive/texmf-dist/tex/generic/infwarerr/infwarerr.sty
Package: infwarerr 2019/12/03 v1.5 Providing info/warning/error messages (HO)
)
Package pdftexcmds Info: \pdf@primitive is available.
Package pdftexcmds Info: \pdf@ifprimitive is available.
Package pdftexcmds Info: \pdfdraftmode found.
))
(/usr/share/texlive/texmf-dist/tex/latex/hycolor/hycolor.sty
Package: hycolor 2020-01-27 v1.10 Color options for hyperref/bookmark (HO)
)
(/usr/share/texlive/texmf-dist/tex/latex/auxhook/auxhook.sty
Package: auxhook 2019-12-17 v1.6 Hooks for auxiliary files (HO)
)
(/usr/share/texlive/texmf-dist/tex/latex/hyperref/nameref.sty
Package: nameref 2023-11-26 v2.56 Cross-referencing by name of section

(/usr/share/texlive/texmf-dist/tex/latex/refcount/refcount.sty
Package: refcount 2019/12/15 v3.6 Data extraction from label references (HO)
)
(/usr/share/texlive/texmf-dist/tex/generic/gettitlestring/gettitlestring.sty
Package: gettitlestring 2019/12/15 v1.6 Cleanup title references (HO)

(/usr/share/texlive/texmf-dist/tex/latex/kvoptions/kvoptions.sty
Package: kvoptions 2022-06-15 v3.15 Key value format for package options (HO)
))
\c@section@level=\count274
)
(/usr/share/texlive/texmf-dist/tex/latex/etoolbox/etoolbox.sty
Package: etoolbox 2020/10/05 v2.5k e-TeX tools for LaTeX (JAW)
\etb@tempcnta=\count275
)
\@linkdim=\dimen150
\Hy@linkcounter=\count276
\Hy@pagecounter=\count277

(/usr/share/texlive/texmf-dist/tex/latex/hyperref/pd1enc.def
File: pd1enc.def 2024-01-20 v7.01h Hyperref: PDFDocEncoding definition (HO)
Now handling font encoding PD1 ...
... no UTF-8 mapping file for font encoding PD1
)
(/usr/share/texlive/texmf-dist/tex/generic/intcalc/intcalc.sty
Package: intcalc 2019/12/15 v1.3 Expandable calculations with integers (HO)
)
\Hy@SavedSpaceFactor=\count278

(/usr/share/texlive/texmf-dist/tex/latex/hyperref/puenc.def
File: puenc.def 2024-01-20 v7.01h Hyperref: PDF Unicode definition (HO)
Now handling font encoding PU ...
... no UTF-8 mapping file for font encoding PU
)
Package hyperref Info: Hyper figures OFF on input line 4179.
Package hyperref Info: Link nesting OFF on input line 4184.
Package hyperref Info: Hyper index ON on input line 4187.
Package hyperref Info: Plain pages OFF on input line 4194.
Package hyperref Info: Backreferencing OFF on input line 4199.
Package hyperref Info: Implicit mode ON; LaTeX internals redefined.
Package hyperref Info: Bookmarks ON on input line 4446.
\c@Hy@tempcnt=\count279

(/usr/share/texlive/texmf-dist/tex/latex/url/url.sty
\Urlmuskip=\muskip17
Package: url 2013/09/16  ver 3.4  Verb mode for urls, etc.
)
LaTeX Info: Redefining \url on input line 4784.
\XeTeXLinkMargin=\dimen151

(/usr/share/texlive/texmf-dist/tex/generic/bitset/bitset.sty
Package: bitset 2019/12/09 v1.3 Handle bit-vector datatype (HO)

(/usr/share/texlive/texmf-dist/tex/generic/bigintcalc/bigintcalc.sty
Package: bigintcalc 2019/12/15 v1.5 Expandable calculations on big integers (HO
)
))
\Fld@menulength=\count280
\Field@Width=\dimen152
\Fld@charsize=\dimen153
Package hyperref Info: Hyper figures OFF on input line 6063.
Package hyperref Info: Link nesting OFF on input line 6068.
Package hyperref Info: Hyper index ON on input line 6071.
Package hyperref Info: backreferencing OFF on input line 6078.
Package hyperref Info: Link coloring OFF on input line 6083.
Package hyperref Info: Link coloring with OCG OFF on input line 6088.
Package hyperref Info: PDF/A mode OFF on input line 6093.

(/usr/share/texlive/texmf-dist/tex/latex/base/atbegshi-ltx.sty
Package: atbegshi-ltx 2021/01/10 v1.0c Emulation of the original atbegshi
package with kernel methods
)
\Hy@abspage=\count281
\c@Item=\count282
\c@Hfootnote=\count283
)
Package hyperref Info: Driver (autodetected): hpdftex.

(/usr/share/texlive/texmf-dist/tex/latex/hyperref/hpdftex.def
File: hpdftex.def 2024-01-20 v7.01h Hyperref driver for pdfTeX

(/usr/share/texlive/texmf-dist/tex/latex/base/atveryend-ltx.sty
Package: atveryend-ltx 2020/08/19 v1.0a Emulation of the original atveryend pac
kage
with kernel methods
)
\Fld@listcount=\count284
\c@bookmark@seq@number=\count285

(/usr/share/texlive/texmf-dist/tex/latex/rerunfilecheck/rerunfilecheck.sty
Package: rerunfilecheck 2022-07-10 v1.10 Rerun checks for auxiliary files (HO)

(/usr/share/texlive/texmf-dist/tex/generic/uniquecounter/uniquecounter.sty
Package: uniquecounter 2019/12/15 v1.4 Provide unlimited unique counter (HO)
)
Package uniquecounter Info: New unique counter `rerunfilecheck' on input line 2
85.
)
\Hy@SectionHShift=\skip53
)
(/usr/share/texlive/texmf-dist/tex/latex/tools/longtable.sty
Package: longtable 2023-11-01 v4.19 Multi-page Table package (DPC)
\LTleft=\skip54
\LTright=\skip55
\LTpre=\skip56
\LTpost=\skip57
\LTchunksize=\count286
\LTcapwidth=\dimen154
\LT@head=\box53
\LT@firsthead=\box54
\LT@foot=\box55
\LT@lastfoot=\box56
\LT@gbox=\box57
\LT@cols=\count287
\LT@rows=\count288
\c@LT@tables=\count289
\c@LT@chunks=\count290
\LT@p@ftn=\toks24
)
(/usr/share/texlive/texmf-dist/tex/latex/l3backend/l3backend-pdftex.def
File: l3backend-pdftex.def 2024-01-04 L3 backend support: PDF output (pdfTeX)
\l__color_backend_stack_int=\count291
\l__pdf_internal_box=\box58
)

LaTeX Warning: Unused global option(s):
    [A4].

(./SSDMv2-GaugeES.aux)
\openout1 = `SSDMv2-GaugeES.aux'.

LaTeX Font Info:    Checking defaults for OML/cmm/m/it on input line 16.
LaTeX Font Info:    ... okay on input line 16.
LaTeX Font Info:    Checking defaults for OMS/cmsy/m/n on input line 16.
LaTeX Font Info:    ... okay on input line 16.
LaTeX Font Info:    Checking defaults for OT1/cmr/m/n on input line 16.
LaTeX Font Info:    ... okay on input line 16.
LaTeX Font Info:    Checking defaults for T1/cmr/m/n on input line 16.
LaTeX Font Info:    ... okay on input line 16.
LaTeX Font Info:    Checking defaults for TS1/cmr/m/n on input line 16.
LaTeX Font Info:    ... okay on input line 16.
LaTeX Font Info:    Checking defaults for OMX/cmex/m/n on input line 16.
LaTeX Font Info:    ... okay on input line 16.
LaTeX Font Info:    Checking defaults for U/cmr/m/n on input line 16.
LaTeX Font Info:    ... okay on input line 16.
LaTeX Font Info:    Checking defaults for PD1/pdf/m/n on input line 16.
LaTeX Font Info:    ... okay on input line 16.
LaTeX Font Info:    Checking defaults for PU/pdf/m/n on input line 16.
LaTeX Font Info:    ... okay on input line 16.

(/usr/share/texlive/texmf-dist/tex/context/base/mkii/supp-pdf.mkii
[Loading MPS to PDF converter (version 2006.09.02).]
\scratchcounter=\count292
\scratchdimen=\dimen155
\scratchbox=\box59
\nofMPsegments=\count293
\nofMParguments=\count294
\everyMPshowfont=\toks25
\MPscratchCnt=\count295
\MPscratchDim=\dimen156
\MPnumerator=\count296
\makeMPintoPDFobject=\count297
\everyMPtoPDFconversion=\toks26
) (/usr/share/texlive/texmf-dist/tex/latex/epstopdf-pkg/epstopdf-base.sty
Package: epstopdf-base 2020-01-24 v2.11 Base part for package epstopdf
Package epstopdf-base Info: Redefining graphics rule for `.eps' on input line 4
85.

(/usr/share/texlive/texmf-dist/tex/latex/latexconfig/epstopdf-sys.cfg
File: epstopdf-sys.cfg 2010/07/13 v1.3 Configuration of (r)epstopdf for TeX Liv
e
))
Package hyperref Info: Link coloring OFF on input line 16.

(./SSDMv2-GaugeES.out) (./SSDMv2-GaugeES.out)
\@outlinefile=\write4
\openout4 = `SSDMv2-GaugeES.out'.

LaTeX Font Info:    Trying to load font information for T1+cmtt on input line 2
1.

(/usr/share/texlive/texmf-dist/tex/latex/base/t1cmtt.fd
File: t1cmtt.fd 2023/04/13 v2.5m Standard LaTeX font definitions
)
LaTeX Font Info:    Trying to load font information for U+msa on input line 21.


(/usr/share/texlive/texmf-dist/tex/latex/amsfonts/umsa.fd
File: umsa.fd 2013/01/14 v3.01 AMS symbols A
)
LaTeX Font Info:    Trying to load font information for U+msb on input line 21.


(/usr/share/texlive/texmf-dist/tex/latex/amsfonts/umsb.fd
File: umsb.fd 2013/01/14 v3.01 AMS symbols B
)
Overfull \hbox (81.20134pt too wide) in paragraph at lines 22--27
\T1/cmr/m/n/10 References: \T1/cmr/bx/n/10 arXiv: 1309.7223 \T1/cmr/m/n/10 , \T
1/cmr/bx/n/10 Comput.Phys.Commun.184:1792-1809,2011 (1207.0906) \T1/cmr/m/n/10 
, \T1/cmr/bx/n/10 Comput.Phys.Commun.182:808-
 []

[1

{/var/lib/texmf/fonts/map/pdftex/updmap/pdftex.map}{/usr/share/texmf/fonts/enc/
dvips/cm-super/cm-super-t1.enc}] (./SSDMv2-GaugeES.toc)
\tf@toc=\write5
\openout5 = `SSDMv2-GaugeES.toc'.

 [2] [3] (./SF.tex
[4]) (./rges.tex
Overfull \hbox (61.43582pt too wide) detected at line 30
[]
 []

[5] [6]
Overfull \hbox (44.67148pt too wide) detected at line 163
[]
 []

[7] [8] [9] [10] [11]) (./RotationsGaugeEWSB.tex
Underfull \hbox (badness 10000) in paragraph at lines 17--19

 []

) (./matricesScalarsEWSB.tex) (./matricesFermionsEWSB.tex [12{/usr/share/texmf/
fonts/enc/dvips/cm-super/cm-super-ts1.enc}]) (./VEVsEWSB.tex)
(./TadpoleEquations.tex) (./particles.tex [13]) (./VerticesSSS.tex)
(./VerticesSSV.tex
\openout3 = `Diagrams/FeynDia14.mp'.


feynmp: File Diagrams/FeynDia14.1 not found:
feynmp: Process Diagrams/FeynDia14.mp with MetaPost and then reprocess this fil
e.
feynmf: Label file Diagrams/FeynDia14.t1 not found:
feynmf: Process Diagrams/FeynDia14.mp with MetaPost and then reprocess this fil
e.
\openout3 = `Diagrams/FeynDia15.mp'.

feynmp: File Diagrams/FeynDia15.1 not found:
feynmp: Process Diagrams/FeynDia15.mp with MetaPost and then reprocess this fil
e.
feynmf: Label file Diagrams/FeynDia15.t1 not found:
feynmf: Process Diagrams/FeynDia15.mp with MetaPost and then reprocess this fil
e.
[14]
\openout3 = `Diagrams/FeynDia16.mp'.


feynmp: File Diagrams/FeynDia16.1 not found:
feynmp: Process Diagrams/FeynDia16.mp with MetaPost and then reprocess this fil
e.
feynmf: Label file Diagrams/FeynDia16.t1 not found:
feynmf: Process Diagrams/FeynDia16.mp with MetaPost and then reprocess this fil
e.
\openout3 = `Diagrams/FeynDia17.mp'.

feynmp: File Diagrams/FeynDia17.1 not found:
feynmp: Process Diagrams/FeynDia17.mp with MetaPost and then reprocess this fil
e.
feynmf: Label file Diagrams/FeynDia17.t1 not found:
feynmf: Process Diagrams/FeynDia17.mp with MetaPost and then reprocess this fil
e.
\openout3 = `Diagrams/FeynDia18.mp'.

feynmp: File Diagrams/FeynDia18.1 not found:
feynmp: Process Diagrams/FeynDia18.mp with MetaPost and then reprocess this fil
e.
feynmf: Label file Diagrams/FeynDia18.t1 not found:
feynmf: Process Diagrams/FeynDia18.mp with MetaPost and then reprocess this fil
e.
[15]
\openout3 = `Diagrams/FeynDia19.mp'.


feynmp: File Diagrams/FeynDia19.1 not found:
feynmp: Process Diagrams/FeynDia19.mp with MetaPost and then reprocess this fil
e.
feynmf: Label file Diagrams/FeynDia19.t1 not found:
feynmf: Process Diagrams/FeynDia19.mp with MetaPost and then reprocess this fil
e.
) (./VerticesSVV.tex) (./VerticesFFV.tex) (./VerticesFFS.tex)
(./VerticesVVV.tex
\openout3 = `Diagrams/FeynDia30.mp'.


feynmp: File Diagrams/FeynDia30.1 not found:
feynmp: Process Diagrams/FeynDia30.mp with MetaPost and then reprocess this fil
e.
feynmf: Label file Diagrams/FeynDia30.t1 not found:
feynmf: Process Diagrams/FeynDia30.mp with MetaPost and then reprocess this fil
e.
\openout3 = `Diagrams/FeynDia31.mp'.

feynmp: File Diagrams/FeynDia31.1 not found:
feynmp: Process Diagrams/FeynDia31.mp with MetaPost and then reprocess this fil
e.
feynmf: Label file Diagrams/FeynDia31.t1 not found:
feynmf: Process Diagrams/FeynDia31.mp with MetaPost and then reprocess this fil
e.
[16]) (./VerticesSSSS.tex
\openout3 = `Diagrams/FeynDia0.mp'.


feynmp: File Diagrams/FeynDia0.1 not found:
feynmp: Process Diagrams/FeynDia0.mp with MetaPost and then reprocess this file
.
feynmf: Label file Diagrams/FeynDia0.t1 not found:
feynmf: Process Diagrams/FeynDia0.mp with MetaPost and then reprocess this file
.
\openout3 = `Diagrams/FeynDia1.mp'.

feynmp: File Diagrams/FeynDia1.1 not found:
feynmp: Process Diagrams/FeynDia1.mp with MetaPost and then reprocess this file
.
feynmf: Label file Diagrams/FeynDia1.t1 not found:
feynmf: Process Diagrams/FeynDia1.mp with MetaPost and then reprocess this file
.
\openout3 = `Diagrams/FeynDia2.mp'.

feynmp: File Diagrams/FeynDia2.1 not found:
feynmp: Process Diagrams/FeynDia2.mp with MetaPost and then reprocess this file
.
feynmf: Label file Diagrams/FeynDia2.t1 not found:
feynmf: Process Diagrams/FeynDia2.mp with MetaPost and then reprocess this file
.
[17]
\openout3 = `Diagrams/FeynDia3.mp'.


feynmp: File Diagrams/FeynDia3.1 not found:
feynmp: Process Diagrams/FeynDia3.mp with MetaPost and then reprocess this file
.
feynmf: Label file Diagrams/FeynDia3.t1 not found:
feynmf: Process Diagrams/FeynDia3.mp with MetaPost and then reprocess this file
.
\openout3 = `Diagrams/FeynDia4.mp'.

feynmp: File Diagrams/FeynDia4.1 not found:
feynmp: Process Diagrams/FeynDia4.mp with MetaPost and then reprocess this file
.
feynmf: Label file Diagrams/FeynDia4.t1 not found:
feynmf: Process Diagrams/FeynDia4.mp with MetaPost and then reprocess this file
.
\openout3 = `Diagrams/FeynDia5.mp'.

feynmp: File Diagrams/FeynDia5.1 not found:
feynmp: Process Diagrams/FeynDia5.mp with MetaPost and then reprocess this file
.
feynmf: Label file Diagrams/FeynDia5.t1 not found:
feynmf: Process Diagrams/FeynDia5.mp with MetaPost and then reprocess this file
.
[18]
\openout3 = `Diagrams/FeynDia6.mp'.


feynmp: File Diagrams/FeynDia6.1 not found:
feynmp: Process Diagrams/FeynDia6.mp with MetaPost and then reprocess this file
.
feynmf: Label file Diagrams/FeynDia6.t1 not found:
feynmf: Process Diagrams/FeynDia6.mp with MetaPost and then reprocess this file
.
\openout3 = `Diagrams/FeynDia7.mp'.

feynmp: File Diagrams/FeynDia7.1 not found:
feynmp: Process Diagrams/FeynDia7.mp with MetaPost and then reprocess this file
.
feynmf: Label file Diagrams/FeynDia7.t1 not found:
feynmf: Process Diagrams/FeynDia7.mp with MetaPost and then reprocess this file
.
\openout3 = `Diagrams/FeynDia8.mp'.

feynmp: File Diagrams/FeynDia8.1 not found:
feynmp: Process Diagrams/FeynDia8.mp with MetaPost and then reprocess this file
.
feynmf: Label file Diagrams/FeynDia8.t1 not found:
feynmf: Process Diagrams/FeynDia8.mp with MetaPost and then reprocess this file
.
[19]
\openout3 = `Diagrams/FeynDia9.mp'.


feynmp: File Diagrams/FeynDia9.1 not found:
feynmp: Process Diagrams/FeynDia9.mp with MetaPost and then reprocess this file
.
feynmf: Label file Diagrams/FeynDia9.t1 not found:
feynmf: Process Diagrams/FeynDia9.mp with MetaPost and then reprocess this file
.
\openout3 = `Diagrams/FeynDia10.mp'.

feynmp: File Diagrams/FeynDia10.1 not found:
feynmp: Process Diagrams/FeynDia10.mp with MetaPost and then reprocess this fil
e.
feynmf: Label file Diagrams/FeynDia10.t1 not found:
feynmf: Process Diagrams/FeynDia10.mp with MetaPost and then reprocess this fil
e.
\openout3 = `Diagrams/FeynDia11.mp'.

feynmp: File Diagrams/FeynDia11.1 not found:
feynmp: Process Diagrams/FeynDia11.mp with MetaPost and then reprocess this fil
e.
feynmf: Label file Diagrams/FeynDia11.t1 not found:
feynmf: Process Diagrams/FeynDia11.mp with MetaPost and then reprocess this fil
e.
[20]
\openout3 = `Diagrams/FeynDia12.mp'.


feynmp: File Diagrams/FeynDia12.1 not found:
feynmp: Process Diagrams/FeynDia12.mp with MetaPost and then reprocess this fil
e.
feynmf: Label file Diagrams/FeynDia12.t1 not found:
feynmf: Process Diagrams/FeynDia12.mp with MetaPost and then reprocess this fil
e.
\openout3 = `Diagrams/FeynDia13.mp'.

feynmp: File Diagrams/FeynDia13.1 not found:
feynmp: Process Diagrams/FeynDia13.mp with MetaPost and then reprocess this fil
e.
feynmf: Label file Diagrams/FeynDia13.t1 not found:
feynmf: Process Diagrams/FeynDia13.mp with MetaPost and then reprocess this fil
e.
) (./VerticesSSVV.tex
\openout3 = `Diagrams/FeynDia20.mp'.


feynmp: File Diagrams/FeynDia20.1 not found:
feynmp: Process Diagrams/FeynDia20.mp with MetaPost and then reprocess this fil
e.
feynmf: Label file Diagrams/FeynDia20.t1 not found:
feynmf: Process Diagrams/FeynDia20.mp with MetaPost and then reprocess this fil
e.
[21]
\openout3 = `Diagrams/FeynDia21.mp'.


feynmp: File Diagrams/FeynDia21.1 not found:
feynmp: Process Diagrams/FeynDia21.mp with MetaPost and then reprocess this fil
e.
feynmf: Label file Diagrams/FeynDia21.t1 not found:
feynmf: Process Diagrams/FeynDia21.mp with MetaPost and then reprocess this fil
e.
\openout3 = `Diagrams/FeynDia22.mp'.

feynmp: File Diagrams/FeynDia22.1 not found:
feynmp: Process Diagrams/FeynDia22.mp with MetaPost and then reprocess this fil
e.
feynmf: Label file Diagrams/FeynDia22.t1 not found:
feynmf: Process Diagrams/FeynDia22.mp with MetaPost and then reprocess this fil
e.
\openout3 = `Diagrams/FeynDia23.mp'.

feynmp: File Diagrams/FeynDia23.1 not found:
feynmp: Process Diagrams/FeynDia23.mp with MetaPost and then reprocess this fil
e.
feynmf: Label file Diagrams/FeynDia23.t1 not found:
feynmf: Process Diagrams/FeynDia23.mp with MetaPost and then reprocess this fil
e.
[22]
\openout3 = `Diagrams/FeynDia24.mp'.


feynmp: File Diagrams/FeynDia24.1 not found:
feynmp: Process Diagrams/FeynDia24.mp with MetaPost and then reprocess this fil
e.
feynmf: Label file Diagrams/FeynDia24.t1 not found:
feynmf: Process Diagrams/FeynDia24.mp with MetaPost and then reprocess this fil
e.
\openout3 = `Diagrams/FeynDia25.mp'.

feynmp: File Diagrams/FeynDia25.1 not found:
feynmp: Process Diagrams/FeynDia25.mp with MetaPost and then reprocess this fil
e.
feynmf: Label file Diagrams/FeynDia25.t1 not found:
feynmf: Process Diagrams/FeynDia25.mp with MetaPost and then reprocess this fil
e.
\openout3 = `Diagrams/FeynDia26.mp'.

feynmp: File Diagrams/FeynDia26.1 not found:
feynmp: Process Diagrams/FeynDia26.mp with MetaPost and then reprocess this fil
e.
feynmf: Label file Diagrams/FeynDia26.t1 not found:
feynmf: Process Diagrams/FeynDia26.mp with MetaPost and then reprocess this fil
e.
[23]
\openout3 = `Diagrams/FeynDia27.mp'.


feynmp: File Diagrams/FeynDia27.1 not found:
feynmp: Process Diagrams/FeynDia27.mp with MetaPost and then reprocess this fil
e.
feynmf: Label file Diagrams/FeynDia27.t1 not found:
feynmf: Process Diagrams/FeynDia27.mp with MetaPost and then reprocess this fil
e.
\openout3 = `Diagrams/FeynDia28.mp'.

feynmp: File Diagrams/FeynDia28.1 not found:
feynmp: Process Diagrams/FeynDia28.mp with MetaPost and then reprocess this fil
e.
feynmf: Label file Diagrams/FeynDia28.t1 not found:
feynmf: Process Diagrams/FeynDia28.mp with MetaPost and then reprocess this fil
e.
\openout3 = `Diagrams/FeynDia29.mp'.

feynmp: File Diagrams/FeynDia29.1 not found:
feynmp: Process Diagrams/FeynDia29.mp with MetaPost and then reprocess this fil
e.
feynmf: Label file Diagrams/FeynDia29.t1 not found:
feynmf: Process Diagrams/FeynDia29.mp with MetaPost and then reprocess this fil
e.
[24]) (./VerticesVVVV.tex
\openout3 = `Diagrams/FeynDia32.mp'.


feynmp: File Diagrams/FeynDia32.1 not found:
feynmp: Process Diagrams/FeynDia32.mp with MetaPost and then reprocess this fil
e.
feynmf: Label file Diagrams/FeynDia32.t1 not found:
feynmf: Process Diagrams/FeynDia32.mp with MetaPost and then reprocess this fil
e.
\openout3 = `Diagrams/FeynDia33.mp'.

feynmp: File Diagrams/FeynDia33.1 not found:
feynmp: Process Diagrams/FeynDia33.mp with MetaPost and then reprocess this fil
e.
feynmf: Label file Diagrams/FeynDia33.t1 not found:
feynmf: Process Diagrams/FeynDia33.mp with MetaPost and then reprocess this fil
e.
[25]) (./VerticesGGV.tex
\openout3 = `Diagrams/FeynDia34.mp'.


feynmp: File Diagrams/FeynDia34.1 not found:
feynmp: Process Diagrams/FeynDia34.mp with MetaPost and then reprocess this fil
e.
feynmf: Label file Diagrams/FeynDia34.t1 not found:
feynmf: Process Diagrams/FeynDia34.mp with MetaPost and then reprocess this fil
e.
\openout3 = `Diagrams/FeynDia35.mp'.

feynmp: File Diagrams/FeynDia35.1 not found:
feynmp: Process Diagrams/FeynDia35.mp with MetaPost and then reprocess this fil
e.
feynmf: Label file Diagrams/FeynDia35.t1 not found:
feynmf: Process Diagrams/FeynDia35.mp with MetaPost and then reprocess this fil
e.
) (./VerticesGGS.tex) (./CG.tex) [26] (./SSDMv2-GaugeES.aux)
 ***********
LaTeX2e <2023-11-01> patch level 1
L3 programming layer <2024-01-22>
 ***********
Package rerunfilecheck Info: File `SSDMv2-GaugeES.out' has not changed.
(rerunfilecheck)             Checksum: B314F6243F0EFC054ED2AF8D06D0ED12;7963.
 ) 
Here is how much of TeX's memory you used:
 10558 strings out of 476162
 159136 string characters out of 5794815
 2011975 words of memory out of 5000000
 32148 multiletter control sequences out of 15000+600000
 573851 words of font info for 79 fonts, out of 8000000 for 9000
 16 hyphenation exceptions out of 8191
 75i,15n,79p,410b,585s stack positions out of 10000i,1000n,20000p,200000b,200000s
</usr/share/texlive/texmf-dist/fonts/type1/public/amsfonts/cm/cmbx10.pfb></us
r/share/texlive/texmf-dist/fonts/type1/public/amsfonts/cm/cmex10.pfb></usr/shar
e/texlive/texmf-dist/fonts/type1/public/amsfonts/cm/cmmi10.pfb></usr/share/texl
ive/texmf-dist/fonts/type1/public/amsfonts/cm/cmmi5.pfb></usr/share/texlive/tex
mf-dist/fonts/type1/public/amsfonts/cm/cmmi7.pfb></usr/share/texlive/texmf-dist
/fonts/type1/public/amsfonts/cm/cmr10.pfb></usr/share/texlive/texmf-dist/fonts/
type1/public/amsfonts/cm/cmr5.pfb></usr/share/texlive/texmf-dist/fonts/type1/pu
blic/amsfonts/cm/cmr7.pfb></usr/share/texlive/texmf-dist/fonts/type1/public/ams
fonts/cm/cmsy10.pfb></usr/share/texlive/texmf-dist/fonts/type1/public/amsfonts/
cm/cmsy5.pfb></usr/share/texlive/texmf-dist/fonts/type1/public/amsfonts/cm/cmsy
7.pfb></usr/share/texmf/fonts/type1/public/cm-super/sfbx1000.pfb></usr/share/te
xmf/fonts/type1/public/cm-super/sfbx1200.pfb></usr/share/texmf/fonts/type1/publ
ic/cm-super/sfbx1440.pfb></usr/share/texmf/fonts/type1/public/cm-super/sfrm0700
.pfb></usr/share/texmf/fonts/type1/public/cm-super/sfrm1000.pfb></usr/share/tex
mf/fonts/type1/public/cm-super/sfrm1200.pfb></usr/share/texmf/fonts/type1/publi
c/cm-super/sfrm1728.pfb></usr/share/texmf/fonts/type1/public/cm-super/sftt1000.
pfb></usr/share/texmf/fonts/type1/public/cm-super/sftt1200.pfb></usr/share/texm
f/fonts/type1/public/cm-super/sftt1440.pfb></usr/share/texmf/fonts/type1/public
/cm-super/sftt1728.pfb>
Output written on SSDMv2-GaugeES.pdf (26 pages, 391514 bytes).
PDF statistics:
 587 PDF objects out of 1000 (max. 8388607)
 508 compressed objects within 6 object streams
 186 named destinations out of 1000 (max. 500000)
 305 words of extra memory for PDF output out of 10000 (max. 10000000)

